This is pdfTeX, Version 3.141592653-2.6-1.40.22 (TeX Live 2022/dev/Debian) (preloaded format=pdflatex 2022.10.19)  5 FEB 2023 02:40
entering extended mode
 restricted \write18 enabled.
 %&-line parsing enabled.
**Verilog.tex
(./Verilog.tex
LaTeX2e <2021-11-15> patch level 1
L3 programming layer <2022-01-21>
(/usr/share/texlive/texmf-dist/tex/latex/base/article.cls
Document Class: article 2021/10/04 v1.4n Standard LaTeX document class
(/usr/share/texlive/texmf-dist/tex/latex/base/size10.clo
File: size10.clo 2021/10/04 v1.4n Standard LaTeX file (size option)
)
\c@part=\count185
\c@section=\count186
\c@subsection=\count187
\c@subsubsection=\count188
\c@paragraph=\count189
\c@subparagraph=\count190
\c@figure=\count191
\c@table=\count192
\abovecaptionskip=\skip47
\belowcaptionskip=\skip48
\bibindent=\dimen138
)
(/usr/share/texlive/texmf-dist/tex/latex/amsmath/amsmath.sty
Package: amsmath 2021/10/15 v2.17l AMS math features
\@mathmargin=\skip49

For additional information on amsmath, use the `?' option.
(/usr/share/texlive/texmf-dist/tex/latex/amsmath/amstext.sty
Package: amstext 2021/08/26 v2.01 AMS text

(/usr/share/texlive/texmf-dist/tex/latex/amsmath/amsgen.sty
File: amsgen.sty 1999/11/30 v2.0 generic functions
\@emptytoks=\toks16
\ex@=\dimen139
))
(/usr/share/texlive/texmf-dist/tex/latex/amsmath/amsbsy.sty
Package: amsbsy 1999/11/29 v1.2d Bold Symbols
\pmbraise@=\dimen140
)
(/usr/share/texlive/texmf-dist/tex/latex/amsmath/amsopn.sty
Package: amsopn 2021/08/26 v2.02 operator names
)
\inf@bad=\count193
LaTeX Info: Redefining \frac on input line 234.
\uproot@=\count194
\leftroot@=\count195
LaTeX Info: Redefining \overline on input line 399.
\classnum@=\count196
\DOTSCASE@=\count197
LaTeX Info: Redefining \ldots on input line 496.
LaTeX Info: Redefining \dots on input line 499.
LaTeX Info: Redefining \cdots on input line 620.
\Mathstrutbox@=\box50
\strutbox@=\box51
\big@size=\dimen141
LaTeX Font Info:    Redeclaring font encoding OML on input line 743.
LaTeX Font Info:    Redeclaring font encoding OMS on input line 744.
\macc@depth=\count198
\c@MaxMatrixCols=\count199
\dotsspace@=\muskip16
\c@parentequation=\count266
\dspbrk@lvl=\count267
\tag@help=\toks17
\row@=\count268
\column@=\count269
\maxfields@=\count270
\andhelp@=\toks18
\eqnshift@=\dimen142
\alignsep@=\dimen143
\tagshift@=\dimen144
\tagwidth@=\dimen145
\totwidth@=\dimen146
\lineht@=\dimen147
\@envbody=\toks19
\multlinegap=\skip50
\multlinetaggap=\skip51
\mathdisplay@stack=\toks20
LaTeX Info: Redefining \[ on input line 2938.
LaTeX Info: Redefining \] on input line 2939.
)
(/usr/share/texlive/texmf-dist/tex/latex/graphics/graphicx.sty
Package: graphicx 2021/09/16 v1.2d Enhanced LaTeX Graphics (DPC,SPQR)

(/usr/share/texlive/texmf-dist/tex/latex/graphics/keyval.sty
Package: keyval 2014/10/28 v1.15 key=value parser (DPC)
\KV@toks@=\toks21
)
(/usr/share/texlive/texmf-dist/tex/latex/graphics/graphics.sty
Package: graphics 2021/03/04 v1.4d Standard LaTeX Graphics (DPC,SPQR)

(/usr/share/texlive/texmf-dist/tex/latex/graphics/trig.sty
Package: trig 2021/08/11 v1.11 sin cos tan (DPC)
)
(/usr/share/texlive/texmf-dist/tex/latex/graphics-cfg/graphics.cfg
File: graphics.cfg 2016/06/04 v1.11 sample graphics configuration
)
Package graphics Info: Driver file: pdftex.def on input line 107.

(/usr/share/texlive/texmf-dist/tex/latex/graphics-def/pdftex.def
File: pdftex.def 2020/10/05 v1.2a Graphics/color driver for pdftex
))
\Gin@req@height=\dimen148
\Gin@req@width=\dimen149
)
(/usr/share/texlive/texmf-dist/tex/latex/hyperref/hyperref.sty
Package: hyperref 2021-06-07 v7.00m Hypertext links for LaTeX

(/usr/share/texlive/texmf-dist/tex/generic/ltxcmds/ltxcmds.sty
Package: ltxcmds 2020-05-10 v1.25 LaTeX kernel commands for general use (HO)
)
(/usr/share/texlive/texmf-dist/tex/generic/iftex/iftex.sty
Package: iftex 2020/03/06 v1.0d TeX engine tests
)
(/usr/share/texlive/texmf-dist/tex/generic/pdftexcmds/pdftexcmds.sty
Package: pdftexcmds 2020-06-27 v0.33 Utility functions of pdfTeX for LuaTeX (HO
)

(/usr/share/texlive/texmf-dist/tex/generic/infwarerr/infwarerr.sty
Package: infwarerr 2019/12/03 v1.5 Providing info/warning/error messages (HO)
)
Package pdftexcmds Info: \pdf@primitive is available.
Package pdftexcmds Info: \pdf@ifprimitive is available.
Package pdftexcmds Info: \pdfdraftmode found.
)
(/usr/share/texlive/texmf-dist/tex/generic/kvsetkeys/kvsetkeys.sty
Package: kvsetkeys 2019/12/15 v1.18 Key value parser (HO)
)
(/usr/share/texlive/texmf-dist/tex/generic/kvdefinekeys/kvdefinekeys.sty
Package: kvdefinekeys 2019-12-19 v1.6 Define keys (HO)
)
(/usr/share/texlive/texmf-dist/tex/generic/pdfescape/pdfescape.sty
Package: pdfescape 2019/12/09 v1.15 Implements pdfTeX's escape features (HO)
)
(/usr/share/texlive/texmf-dist/tex/latex/hycolor/hycolor.sty
Package: hycolor 2020-01-27 v1.10 Color options for hyperref/bookmark (HO)
)
(/usr/share/texlive/texmf-dist/tex/latex/letltxmacro/letltxmacro.sty
Package: letltxmacro 2019/12/03 v1.6 Let assignment for LaTeX macros (HO)
)
(/usr/share/texlive/texmf-dist/tex/latex/auxhook/auxhook.sty
Package: auxhook 2019-12-17 v1.6 Hooks for auxiliary files (HO)
)
(/usr/share/texlive/texmf-dist/tex/latex/kvoptions/kvoptions.sty
Package: kvoptions 2020-10-07 v3.14 Key value format for package options (HO)
)
\@linkdim=\dimen150
\Hy@linkcounter=\count271
\Hy@pagecounter=\count272

(/usr/share/texlive/texmf-dist/tex/latex/hyperref/pd1enc.def
File: pd1enc.def 2021-06-07 v7.00m Hyperref: PDFDocEncoding definition (HO)
Now handling font encoding PD1 ...
... no UTF-8 mapping file for font encoding PD1
)
(/usr/share/texlive/texmf-dist/tex/latex/hyperref/hyperref-langpatches.def
File: hyperref-langpatches.def 2021-06-07 v7.00m Hyperref: patches for babel la
nguages
)
(/usr/share/texlive/texmf-dist/tex/generic/intcalc/intcalc.sty
Package: intcalc 2019/12/15 v1.3 Expandable calculations with integers (HO)
)
(/usr/share/texlive/texmf-dist/tex/generic/etexcmds/etexcmds.sty
Package: etexcmds 2019/12/15 v1.7 Avoid name clashes with e-TeX commands (HO)
)
\Hy@SavedSpaceFactor=\count273

(/usr/share/texlive/texmf-dist/tex/latex/hyperref/puenc.def
File: puenc.def 2021-06-07 v7.00m Hyperref: PDF Unicode definition (HO)
Now handling font encoding PU ...
... no UTF-8 mapping file for font encoding PU
)
Package hyperref Info: Hyper figures OFF on input line 4192.
Package hyperref Info: Link nesting OFF on input line 4197.
Package hyperref Info: Hyper index ON on input line 4200.
Package hyperref Info: Plain pages OFF on input line 4207.
Package hyperref Info: Backreferencing OFF on input line 4212.
Package hyperref Info: Implicit mode ON; LaTeX internals redefined.
Package hyperref Info: Bookmarks ON on input line 4445.
\c@Hy@tempcnt=\count274

(/usr/share/texlive/texmf-dist/tex/latex/url/url.sty
\Urlmuskip=\muskip17
Package: url 2013/09/16  ver 3.4  Verb mode for urls, etc.
)
LaTeX Info: Redefining \url on input line 4804.
\XeTeXLinkMargin=\dimen151

(/usr/share/texlive/texmf-dist/tex/generic/bitset/bitset.sty
Package: bitset 2019/12/09 v1.3 Handle bit-vector datatype (HO)

(/usr/share/texlive/texmf-dist/tex/generic/bigintcalc/bigintcalc.sty
Package: bigintcalc 2019/12/15 v1.5 Expandable calculations on big integers (HO
)
))
\Fld@menulength=\count275
\Field@Width=\dimen152
\Fld@charsize=\dimen153
Package hyperref Info: Hyper figures OFF on input line 6076.
Package hyperref Info: Link nesting OFF on input line 6081.
Package hyperref Info: Hyper index ON on input line 6084.
Package hyperref Info: backreferencing OFF on input line 6091.
Package hyperref Info: Link coloring OFF on input line 6096.
Package hyperref Info: Link coloring with OCG OFF on input line 6101.
Package hyperref Info: PDF/A mode OFF on input line 6106.
LaTeX Info: Redefining \ref on input line 6146.
LaTeX Info: Redefining \pageref on input line 6150.

(/usr/share/texlive/texmf-dist/tex/latex/base/atbegshi-ltx.sty
Package: atbegshi-ltx 2021/01/10 v1.0c Emulation of the original atbegshi
package with kernel methods
)
\Hy@abspage=\count276
\c@Item=\count277
\c@Hfootnote=\count278
)
Package hyperref Info: Driver (autodetected): hpdftex.

(/usr/share/texlive/texmf-dist/tex/latex/hyperref/hpdftex.def
File: hpdftex.def 2021-06-07 v7.00m Hyperref driver for pdfTeX

(/usr/share/texlive/texmf-dist/tex/latex/base/atveryend-ltx.sty
Package: atveryend-ltx 2020/08/19 v1.0a Emulation of the original atveryend pac
kage
with kernel methods
)
\Fld@listcount=\count279
\c@bookmark@seq@number=\count280

(/usr/share/texlive/texmf-dist/tex/latex/rerunfilecheck/rerunfilecheck.sty
Package: rerunfilecheck 2019/12/05 v1.9 Rerun checks for auxiliary files (HO)

(/usr/share/texlive/texmf-dist/tex/generic/uniquecounter/uniquecounter.sty
Package: uniquecounter 2019/12/15 v1.4 Provide unlimited unique counter (HO)
)
Package uniquecounter Info: New unique counter `rerunfilecheck' on input line 2
86.
)
\Hy@SectionHShift=\skip52
)
Package hyperref Info: Option `colorlinks' set `true' on input line 12.

(/usr/share/texlive/texmf-dist/tex/latex/float/float.sty
Package: float 2001/11/08 v1.3d Float enhancements (AL)
\c@float@type=\count281
\float@exts=\toks22
\float@box=\box52
\@float@everytoks=\toks23
\@floatcapt=\box53
)
\@float@every@figure=\toks24

(/usr/share/texlive/texmf-dist/tex/latex/l3backend/l3backend-pdftex.def
File: l3backend-pdftex.def 2022-01-12 L3 backend support: PDF output (pdfTeX)
\l__color_backend_stack_int=\count282
\l__pdf_internal_box=\box54
)
(./Verilog.aux

LaTeX Warning: Label `ToDo' multiply defined.


LaTeX Warning: Label `ToDo' multiply defined.


LaTeX Warning: Label `ToDo' multiply defined.


LaTeX Warning: Label `ToDo' multiply defined.


LaTeX Warning: Label `ToDo' multiply defined.


LaTeX Warning: Label `ToDo' multiply defined.


LaTeX Warning: Label `ToDo' multiply defined.


LaTeX Warning: Label `ToDo' multiply defined.


LaTeX Warning: Label `ToDo' multiply defined.


LaTeX Warning: Label `ToDo' multiply defined.


LaTeX Warning: Label `ToDo' multiply defined.


LaTeX Warning: Label `ToDo' multiply defined.


LaTeX Warning: Label `ToDo' multiply defined.


LaTeX Warning: Label `ToDo' multiply defined.


LaTeX Warning: Label `ToDo' multiply defined.


LaTeX Warning: Label `ToDo' multiply defined.


LaTeX Warning: Label `ToDo' multiply defined.


LaTeX Warning: Label `ToDo' multiply defined.


LaTeX Warning: Label `ToDo' multiply defined.


LaTeX Warning: Label `ToDo' multiply defined.


LaTeX Warning: Label `ToDo' multiply defined.


LaTeX Warning: Label `ToDo' multiply defined.

)
\openout1 = `Verilog.aux'.

LaTeX Font Info:    Checking defaults for OML/cmm/m/it on input line 20.
LaTeX Font Info:    ... okay on input line 20.
LaTeX Font Info:    Checking defaults for OMS/cmsy/m/n on input line 20.
LaTeX Font Info:    ... okay on input line 20.
LaTeX Font Info:    Checking defaults for OT1/cmr/m/n on input line 20.
LaTeX Font Info:    ... okay on input line 20.
LaTeX Font Info:    Checking defaults for T1/cmr/m/n on input line 20.
LaTeX Font Info:    ... okay on input line 20.
LaTeX Font Info:    Checking defaults for TS1/cmr/m/n on input line 20.
LaTeX Font Info:    ... okay on input line 20.
LaTeX Font Info:    Checking defaults for OMX/cmex/m/n on input line 20.
LaTeX Font Info:    ... okay on input line 20.
LaTeX Font Info:    Checking defaults for U/cmr/m/n on input line 20.
LaTeX Font Info:    ... okay on input line 20.
LaTeX Font Info:    Checking defaults for PD1/pdf/m/n on input line 20.
LaTeX Font Info:    ... okay on input line 20.
LaTeX Font Info:    Checking defaults for PU/pdf/m/n on input line 20.
LaTeX Font Info:    ... okay on input line 20.
 (/usr/share/texlive/texmf-dist/tex/context/base/mkii/supp-pdf.mkii
[Loading MPS to PDF converter (version 2006.09.02).]
\scratchcounter=\count283
\scratchdimen=\dimen154
\scratchbox=\box55
\nofMPsegments=\count284
\nofMParguments=\count285
\everyMPshowfont=\toks25
\MPscratchCnt=\count286
\MPscratchDim=\dimen155
\MPnumerator=\count287
\makeMPintoPDFobject=\count288
\everyMPtoPDFconversion=\toks26
) (/usr/share/texlive/texmf-dist/tex/latex/epstopdf-pkg/epstopdf-base.sty
Package: epstopdf-base 2020-01-24 v2.11 Base part for package epstopdf
Package epstopdf-base Info: Redefining graphics rule for `.eps' on input line 4
85.

(/usr/share/texlive/texmf-dist/tex/latex/latexconfig/epstopdf-sys.cfg
File: epstopdf-sys.cfg 2010/07/13 v1.3 Configuration of (r)epstopdf for TeX Liv
e
))
(/usr/share/texlive/texmf-dist/tex/latex/graphics/color.sty
Package: color 2021/12/07 v1.3c Standard LaTeX Color (DPC)

(/usr/share/texlive/texmf-dist/tex/latex/graphics-cfg/color.cfg
File: color.cfg 2016/01/02 v1.6 sample color configuration
)
Package color Info: Driver file: pdftex.def on input line 149.
)
Package hyperref Info: Link coloring ON on input line 20.

(/usr/share/texlive/texmf-dist/tex/latex/hyperref/nameref.sty
Package: nameref 2021-04-02 v2.47 Cross-referencing by name of section

(/usr/share/texlive/texmf-dist/tex/latex/refcount/refcount.sty
Package: refcount 2019/12/15 v3.6 Data extraction from label references (HO)
)
(/usr/share/texlive/texmf-dist/tex/generic/gettitlestring/gettitlestring.sty
Package: gettitlestring 2019/12/15 v1.6 Cleanup title references (HO)
)
\c@section@level=\count289
)
LaTeX Info: Redefining \ref on input line 20.
LaTeX Info: Redefining \pageref on input line 20.
LaTeX Info: Redefining \nameref on input line 20.

(./Verilog.out) (./Verilog.out)
\@outlinefile=\write3
\openout3 = `Verilog.out'.

 [1

{/var/lib/texmf/fonts/map/pdftex/updmap/pdftex.map}] (./Verilog.toc)
\tf@toc=\write4
\openout4 = `Verilog.toc'.

pdfTeX warning (ext4): destination with the same identifier (name{page.1}) has 
been already used, duplicate ignored
<to be read again> 
                   \relax 
l.26 	\newpage
               [1]
Underfull \hbox (badness 10000) in paragraph at lines 30--31

 []


Underfull \hbox (badness 10000) in paragraph at lines 33--34

 []


Underfull \hbox (badness 10000) in paragraph at lines 36--37

 []


Overfull \hbox (78.93588pt too wide) in paragraph at lines 43--44
\OT1/cmr/m/n/10 the lay-out of such gates. $[]$ 
 []


Underfull \hbox (badness 10000) in paragraph at lines 43--44

 []


Underfull \hbox (badness 10000) in paragraph at lines 45--46

 []

<VerilogPics/figure_1.png, id=216, 700.86844pt x 190.46156pt>
File: VerilogPics/figure_1.png Graphic file (type png)
<use VerilogPics/figure_1.png>
Package pdftex.def Info: VerilogPics/figure_1.png  used on input line 48.
(pdftex.def)             Requested size: 345.0pt x 93.75418pt.
[2 <./VerilogPics/figure_1.png (PNG copy)>]
<VerilogPics/figure_2.png, id=222, 283.81032pt x 184.43906pt>
File: VerilogPics/figure_2.png Graphic file (type png)
<use VerilogPics/figure_2.png>
Package pdftex.def Info: VerilogPics/figure_2.png  used on input line 75.
(pdftex.def)             Requested size: 345.0pt x 224.22449pt.
 [3]
Underfull \hbox (badness 10000) in paragraph at lines 83--85

 []


Underfull \hbox (badness 10000) in paragraph at lines 83--85

 []


Underfull \hbox (badness 10000) in paragraph at lines 86--87

 []


Underfull \hbox (badness 10000) in paragraph at lines 99--100

 []

[4 <./VerilogPics/figure_2.png (PNG copy)>]
Underfull \hbox (badness 10000) in paragraph at lines 103--104

 []

<VerilogPics/figure_3.png, id=237, 763.85374pt x 71.26625pt>
File: VerilogPics/figure_3.png Graphic file (type png)
<use VerilogPics/figure_3.png>
Package pdftex.def Info: VerilogPics/figure_3.png  used on input line 112.
(pdftex.def)             Requested size: 345.0pt x 32.18803pt.
<VerilogPics/figure_4.png, id=239, 359.3425pt x 83.31125pt>
File: VerilogPics/figure_4.png Graphic file (type png)
<use VerilogPics/figure_4.png>
Package pdftex.def Info: VerilogPics/figure_4.png  used on input line 122.
(pdftex.def)             Requested size: 345.0pt x 79.99185pt.

Underfull \hbox (badness 10000) in paragraph at lines 127--128

 []

<VerilogPics/figure_5.png, id=240, 265.99374pt x 51.19125pt>
File: VerilogPics/figure_5.png Graphic file (type png)
<use VerilogPics/figure_5.png>
Package pdftex.def Info: VerilogPics/figure_5.png  used on input line 134.
(pdftex.def)             Requested size: 345.0pt x 66.40175pt.
[5 <./VerilogPics/figure_3.png> <./VerilogPics/figure_4.png>]
<VerilogPics/figure_6.png, id=249, 797.98125pt x 255.95625pt>
File: VerilogPics/figure_6.png Graphic file (type png)
<use VerilogPics/figure_6.png>
Package pdftex.def Info: VerilogPics/figure_6.png  used on input line 145.
(pdftex.def)             Requested size: 345.0pt x 110.66049pt.
<VerilogPics/figure_7.png, id=250, 815.045pt x 52.195pt>
File: VerilogPics/figure_7.png Graphic file (type png)
<use VerilogPics/figure_7.png>
Package pdftex.def Info: VerilogPics/figure_7.png  used on input line 158.
(pdftex.def)             Requested size: 345.0pt x 22.09377pt.
<VerilogPics/figure_8.png, id=251, 707.64375pt x 105.39375pt>
File: VerilogPics/figure_8.png Graphic file (type png)
<use VerilogPics/figure_8.png>
Package pdftex.def Info: VerilogPics/figure_8.png  used on input line 167.
(pdftex.def)             Requested size: 345.0pt x 51.38286pt.
 [6 <./VerilogPics/figure_5.png> <./VerilogPics/figure_6.png> <./VerilogPics/fi
gure_7.png>]
<VerilogPics/figure_9.png, id=263, 797.98125pt x 131.49126pt>
File: VerilogPics/figure_9.png Graphic file (type png)
<use VerilogPics/figure_9.png>
Package pdftex.def Info: VerilogPics/figure_9.png  used on input line 177.
(pdftex.def)             Requested size: 345.0pt x 56.8491pt.
<VerilogPics/figure_10.png, id=264, 364.36125pt x 278.03876pt>
File: VerilogPics/figure_10.png Graphic file (type png)
<use VerilogPics/figure_10.png>
Package pdftex.def Info: VerilogPics/figure_10.png  used on input line 187.
(pdftex.def)             Requested size: 345.0pt x 263.27408pt.

[7 <./VerilogPics/figure_8.png> <./VerilogPics/figure_9.png>]
<VerilogPics/figure_11.png, id=273, 666.49pt x 234.8775pt>
File: VerilogPics/figure_11.png Graphic file (type png)
<use VerilogPics/figure_11.png>
Package pdftex.def Info: VerilogPics/figure_11.png  used on input line 194.
(pdftex.def)             Requested size: 345.0pt x 121.58148pt.

Underfull \hbox (badness 10000) in paragraph at lines 204--205

 []


Underfull \hbox (badness 10000) in paragraph at lines 204--205

 []

[8 <./VerilogPics/figure_10.png> <./VerilogPics/figure_11.png>]
Underfull \hbox (badness 10000) in paragraph at lines 210--211

 []


Underfull \hbox (badness 10000) in paragraph at lines 210--211

 []


Underfull \hbox (badness 1852) in paragraph at lines 218--219
[]\OT1/cmr/m/n/10 Represents an un-known logic value
 []

<VerilogPics/figure_12.png, id=283, 561.09625pt x 179.67125pt>
File: VerilogPics/figure_12.png Graphic file (type png)
<use VerilogPics/figure_12.png>
Package pdftex.def Info: VerilogPics/figure_12.png  used on input line 229.
(pdftex.def)             Requested size: 345.0pt x 110.47385pt.
! Double subscript.
l.237 	represent the voltage supply $V_d_
                                         d$. \newline \newline
I treat `x_1_2' essentially like `x_1{}_2'.


Underfull \hbox (badness 10000) in paragraph at lines 236--238

 []


Underfull \hbox (badness 10000) in paragraph at lines 236--238

 []


Underfull \hbox (badness 10000) in paragraph at lines 239--240

 []


Underfull \hbox (badness 10000) in paragraph at lines 239--240

 []


Underfull \hbox (badness 10000) in paragraph at lines 241--242

 []

[9 <./VerilogPics/figure_12.png>]
Underfull \hbox (badness 10000) in paragraph at lines 245--246

 []


Underfull \hbox (badness 10000) in paragraph at lines 245--246

 []


Underfull \hbox (badness 10000) in paragraph at lines 249--251

 []

<VerilogPics/figure_13.png, id=292, 464.73625pt x 128.48pt>
File: VerilogPics/figure_13.png Graphic file (type png)
<use VerilogPics/figure_13.png>
Package pdftex.def Info: VerilogPics/figure_13.png  used on input line 253.
(pdftex.def)             Requested size: 345.0pt x 95.37953pt.

Underfull \hbox (badness 10000) in paragraph at lines 266--267

 []


Underfull \hbox (badness 10000) in paragraph at lines 266--267

 []


Underfull \hbox (badness 10000) in paragraph at lines 268--269

 []


Underfull \hbox (badness 10000) in paragraph at lines 268--269

 []


Underfull \hbox (badness 10000) in paragraph at lines 270--271

 []

[10 <./VerilogPics/figure_13.png>]
Underfull \hbox (badness 10000) in paragraph at lines 272--274

 []


Underfull \hbox (badness 10000) in paragraph at lines 277--278

 []


Underfull \hbox (badness 10000) in paragraph at lines 277--278

 []


Underfull \hbox (badness 10000) in paragraph at lines 279--280

 []


Underfull \hbox (badness 10000) in paragraph at lines 279--280

 []


Underfull \hbox (badness 10000) in paragraph at lines 281--282

 []


Underfull \hbox (badness 10000) in paragraph at lines 281--282

 []


Underfull \hbox (badness 10000) in paragraph at lines 283--284

 []


Underfull \hbox (badness 10000) in paragraph at lines 283--284

 []


Underfull \hbox (badness 10000) in paragraph at lines 285--286

 []


Underfull \hbox (badness 10000) in paragraph at lines 285--286

 []


Underfull \hbox (badness 10000) in paragraph at lines 287--288

 []


Underfull \hbox (badness 10000) in paragraph at lines 287--288

 []

<VerilogPics/figure_14.png, id=301, 1002.74625pt x 145.54375pt>
File: VerilogPics/figure_14.png Graphic file (type png)
<use VerilogPics/figure_14.png>
Package pdftex.def Info: VerilogPics/figure_14.png  used on input line 297.
(pdftex.def)             Requested size: 345.0pt x 50.07495pt.
[11]
Underfull \hbox (badness 10000) in paragraph at lines 309--310

 []


Underfull \hbox (badness 10000) in paragraph at lines 309--310

 []

<VerilogPics/figure_15.png, id=308, 541.02126pt x 151.56625pt>
File: VerilogPics/figure_15.png Graphic file (type png)
<use VerilogPics/figure_15.png>
Package pdftex.def Info: VerilogPics/figure_15.png  used on input line 314.
(pdftex.def)             Requested size: 345.0pt x 96.65283pt.
! Undefined control sequence.
l.324 ...ther with an indexed part-select. \newlin
                                                  
The control sequence at the end of the top line
of your error message was never \def'ed. If you have
misspelled it (e.g., `\hobx'), type `I' and the correct
spelling (e.g., `I\hbox'). Otherwise just continue,
and I'll forget about whatever was undefined.

<VerilogPics/figure_16.png, id=309, 1001.7425pt x 95.35625pt>
File: VerilogPics/figure_16.png Graphic file (type png)
<use VerilogPics/figure_16.png>
Package pdftex.def Info: VerilogPics/figure_16.png  used on input line 327.
(pdftex.def)             Requested size: 345.0pt x 32.84119pt.
[12 <./VerilogPics/figure_14.png> <./VerilogPics/figure_15.png>]
<VerilogPics/figure_17.png, id=319, 806.01125pt x 67.25125pt>
File: VerilogPics/figure_17.png Graphic file (type png)
<use VerilogPics/figure_17.png>
Package pdftex.def Info: VerilogPics/figure_17.png  used on input line 335.
(pdftex.def)             Requested size: 345.0pt x 28.7861pt.
<VerilogPics/figure_18.png, id=320, 708.6475pt x 782.925pt>
File: VerilogPics/figure_18.png Graphic file (type png)
<use VerilogPics/figure_18.png>
Package pdftex.def Info: VerilogPics/figure_18.png  used on input line 341.
(pdftex.def)             Requested size: 345.0pt x 381.1637pt.
 [13 <./VerilogPics/figure_16.png> <./VerilogPics/figure_17.png>]
<VerilogPics/figure_19.png, id=329, 799.98875pt x 94.3525pt>
File: VerilogPics/figure_19.png Graphic file (type png)
<use VerilogPics/figure_19.png>
Package pdftex.def Info: VerilogPics/figure_19.png  used on input line 352.
(pdftex.def)             Requested size: 345.0pt x 40.69026pt.
 [14 <./VerilogPics/figure_18.png>]
Underfull \hbox (badness 10000) in paragraph at lines 357--359

 []


Underfull \hbox (badness 10000) in paragraph at lines 357--359

 []

<VerilogPics/figure_20.png, id=336, 852.18375pt x 168.63pt>
File: VerilogPics/figure_20.png Graphic file (type png)
<use VerilogPics/figure_20.png>
Package pdftex.def Info: VerilogPics/figure_20.png  used on input line 363.
(pdftex.def)             Requested size: 345.0pt x 68.26903pt.
<VerilogPics/figure_21.png, id=337, 713.66624pt x 971.63pt>
File: VerilogPics/figure_21.png Graphic file (type png)
<use VerilogPics/figure_21.png>
Package pdftex.def Info: VerilogPics/figure_21.png  used on input line 373.
(pdftex.def)             Requested size: 345.0pt x 469.6981pt.
[15 <./VerilogPics/figure_19.png> <./VerilogPics/figure_20.png>] [16 <./Verilog
Pics/figure_21.png>]
<VerilogPics/figure_22.png, id=352, 646.415pt x 366.36874pt>
File: VerilogPics/figure_22.png Graphic file (type png)
<use VerilogPics/figure_22.png>
Package pdftex.def Info: VerilogPics/figure_22.png  used on input line 386.
(pdftex.def)             Requested size: 345.0pt x 195.53296pt.

Underfull \hbox (badness 10000) in paragraph at lines 392--394

 []

<VerilogPics/figure_23.png, id=353, 450.68375pt x 525.965pt>
File: VerilogPics/figure_23.png Graphic file (type png)
<use VerilogPics/figure_23.png>
Package pdftex.def Info: VerilogPics/figure_23.png  used on input line 399.
(pdftex.def)             Requested size: 345.0pt x 402.65082pt.
[17 <./VerilogPics/figure_22.png>]
<VerilogPics/figure_24.png, id=360, 1182.4175pt x 413.545pt>
File: VerilogPics/figure_24.png Graphic file (type png)
<use VerilogPics/figure_24.png>
Package pdftex.def Info: VerilogPics/figure_24.png  used on input line 407.
(pdftex.def)             Requested size: 345.0pt x 120.65695pt.
 [18 <./VerilogPics/figure_23.png>]
<VerilogPics/figure_25.png, id=368, 471.7625pt x 618.31pt>
File: VerilogPics/figure_25.png Graphic file (type png)
<use VerilogPics/figure_25.png>
Package pdftex.def Info: VerilogPics/figure_25.png  used on input line 418.
(pdftex.def)             Requested size: 345.0pt x 452.17392pt.
 [19 <./VerilogPics/figure_24.png>]
<VerilogPics/figure_26.png, id=375, 836.12375pt x 811.03pt>
File: VerilogPics/figure_26.png Graphic file (type png)
<use VerilogPics/figure_26.png>
Package pdftex.def Info: VerilogPics/figure_26.png  used on input line 426.
(pdftex.def)             Requested size: 345.0pt x 334.653pt.
 [20 <./VerilogPics/figure_25.png>] [21 <./VerilogPics/figure_26.png>]
<VerilogPics/figure_27.png, id=388, 468.75125pt x 326.21875pt>
File: VerilogPics/figure_27.png Graphic file (type png)
<use VerilogPics/figure_27.png>
Package pdftex.def Info: VerilogPics/figure_27.png  used on input line 446.
(pdftex.def)             Requested size: 345.0pt x 240.09393pt.
<VerilogPics/figure_28.png, id=389, 675.52374pt x 287.0725pt>
File: VerilogPics/figure_28.png Graphic file (type png)
<use VerilogPics/figure_28.png>
Package pdftex.def Info: VerilogPics/figure_28.png  used on input line 452.
(pdftex.def)             Requested size: 345.0pt x 146.61528pt.
 [22 <./VerilogPics/figure_27.png> <./VerilogPics/figure_28.png>] [23] (./Veril
og.aux)

LaTeX Warning: There were multiply-defined labels.

Package rerunfilecheck Info: File `Verilog.out' has not changed.
(rerunfilecheck)             Checksum: 5C9462EC22A1A2C08118C02330208375;5794.
 ) 
Here is how much of TeX's memory you used:
 9265 strings out of 480247
 146797 string characters out of 5896150
 437683 words of memory out of 5000000
 26985 multiletter control sequences out of 15000+600000
 474977 words of font info for 48 fonts, out of 8000000 for 9000
 14 hyphenation exceptions out of 8191
 60i,8n,63p,441b,328s stack positions out of 5000i,500n,10000p,200000b,80000s
 </home/tommy/.texlive2021/texmf-var/fonts/pk/ljfour/jknappen/ec/tcrm1000.600
pk></usr/share/texlive/texmf-dist/fonts/type1/public/amsfonts/cm/cmbx10.pfb></u
sr/share/texlive/texmf-dist/fonts/type1/public/amsfonts/cm/cmbx12.pfb></usr/sha
re/texlive/texmf-dist/fonts/type1/public/amsfonts/cm/cmmi10.pfb></usr/share/tex
live/texmf-dist/fonts/type1/public/amsfonts/cm/cmmi7.pfb></usr/share/texlive/te
xmf-dist/fonts/type1/public/amsfonts/cm/cmr10.pfb></usr/share/texlive/texmf-dis
t/fonts/type1/public/amsfonts/cm/cmr12.pfb></usr/share/texlive/texmf-dist/fonts
/type1/public/amsfonts/cm/cmr17.pfb></usr/share/texlive/texmf-dist/fonts/type1/
public/amsfonts/cm/cmsy10.pfb>
Output written on Verilog.pdf (24 pages, 862045 bytes).
PDF statistics:
 466 PDF objects out of 1000 (max. 8388607)
 364 compressed objects within 4 object streams
 92 named destinations out of 1000 (max. 500000)
 453 words of extra memory for PDF output out of 10000 (max. 10000000)

